<?xml version="1.0" encoding="UTF-8"?>
<!-- Generated by org.testng.reporters.JUnitReportReporter -->
<testsuite hostname="DESKTOP-H369NVH" failures="0" tests="1" name="testCases.RegisterStudentTest" time="66.668" errors="0" timestamp="2022-03-12T13:17:43 IST" skipped="0">
  <testcase classname="testCases.RegisterStudentTest" name="dataDiven" time="66.668"/>
  <system-out/>
</testsuite> <!-- testCases.RegisterStudentTest -->
