<?xml version="1.0" encoding="UTF-8"?>
<!-- Generated by org.testng.reporters.JUnitReportReporter -->
<testsuite hostname="DESKTOP-H369NVH" failures="0" tests="2" name="org.letcode.test.TC001Login" time="71.598" errors="0" timestamp="2022-03-12T12:23:05 IST" skipped="0">
  <testcase classname="org.letcode.test.TC001Login" name="loginTest" time="37.081"/>
  <system-out/>
  <testcase classname="org.letcode.test.TC001Login" name="loginTest" time="34.517"/>
  <system-out/>
</testsuite> <!-- org.letcode.test.TC001Login -->
