<?xml version="1.0" encoding="UTF-8"?>
<!-- Generated by org.testng.reporters.JUnitReportReporter -->
<testsuite hostname="DESKTOP-H369NVH" failures="0" tests="2" name="org.letcode.test.TC001Login" time="24.002" errors="0" timestamp="2021-11-01T11:06:27 IST" skipped="0">
  <testcase classname="org.letcode.test.TC001Login" name="loginTest" time="11.801"/>
  <system-out/>
  <testcase classname="org.letcode.test.TC001Login" name="loginTest" time="12.201"/>
  <system-out/>
</testsuite> <!-- org.letcode.test.TC001Login -->
