<?xml version="1.0" encoding="UTF-8"?>
<!-- Generated by org.testng.reporters.JUnitReportReporter -->
<testsuite hostname="DESKTOP-H369NVH" failures="0" tests="1" name="utils.MyTest" time="0.016" errors="0" timestamp="2021-10-19T19:33:15 IST" skipped="0">
  <testcase classname="utils.MyTest" name="myTest" time="0.016"/>
  <system-out/>
</testsuite> <!-- utils.MyTest -->
