<?xml version="1.0" encoding="UTF-8"?>
<!-- Generated by org.testng.reporters.JUnitReportReporter -->
<testsuite hostname="DESKTOP-H369NVH" failures="0" tests="2" name="org.letcode.test.TC002Login" time="23.508" errors="0" timestamp="2021-11-01T11:06:27 IST" skipped="0">
  <testcase classname="org.letcode.test.TC002Login" name="loginTest2" time="11.064"/>
  <system-out/>
  <testcase classname="org.letcode.test.TC002Login" name="loginTest2" time="12.444"/>
  <system-out/>
</testsuite> <!-- org.letcode.test.TC002Login -->
