<?xml version="1.0" encoding="UTF-8"?>
<!-- Generated by org.testng.reporters.JUnitReportReporter -->
<testsuite hostname="DESKTOP-H369NVH" failures="0" tests="1" name="assessment.Loign" time="16.731" errors="0" timestamp="2021-10-19T19:30:23 IST" skipped="0">
  <testcase classname="assessment.Loign" name="login" time="16.731"/>
  <system-out/>
</testsuite> <!-- assessment.Loign -->
